[2025-01-04 05:03:38,702: INFO: main: >>>>>> Starting Data Ingestion Stage <<<<<<]
[2025-01-04 05:03:38,705: INFO: common: yaml file: config/config.yaml loaded successfully]
[2025-01-04 05:03:38,706: INFO: common: yaml file: params.yaml loaded successfully]
[2025-01-04 05:03:38,707: INFO: common: yaml file: schema.yaml loaded successfully]
[2025-01-04 05:03:38,708: INFO: common: created directory at: artifacts]
[2025-01-04 05:03:38,708: INFO: common: created directory at: artifacts/data_ingestion]
[2025-01-04 05:03:40,164: INFO: data_ingestion: artifacts/data_ingestion/data.zip downloaded!
Info: Connection: close
Content-Length: 23329
Cache-Control: max-age=300
Content-Security-Policy: default-src 'none'; style-src 'unsafe-inline'; sandbox
Content-Type: application/zip
ETag: "c69888a4ae59bc5a893392785a938ccd4937981c06ba8a9d6a21aa52b4ab5b6e"
Strict-Transport-Security: max-age=31536000
X-Content-Type-Options: nosniff
X-Frame-Options: deny
X-XSS-Protection: 1; mode=block
X-GitHub-Request-Id: 74BD:2AB287:48AB481:4EDFC51:67787173
Accept-Ranges: bytes
Date: Sat, 04 Jan 2025 00:03:41 GMT
Via: 1.1 varnish
X-Served-By: cache-fjr990020-FJR
X-Cache: HIT
X-Cache-Hits: 1
X-Timer: S1735949022.607470,VS0,VE359
Vary: Authorization,Accept-Encoding,Origin
Access-Control-Allow-Origin: *
Cross-Origin-Resource-Policy: cross-origin
X-Fastly-Request-ID: ee06fca600f796653f67efd30919ccb56484a662
Expires: Sat, 04 Jan 2025 00:08:41 GMT
Source-Age: 0

]
[2025-01-04 05:03:40,166: INFO: data_ingestion: Data extracted at artifacts/data_ingestion]
[2025-01-04 05:03:40,166: INFO: main: >>>>>> Finished Data Ingestion Stage <<<<<<

==========================]
[2025-01-04 05:03:40,166: INFO: main: >>>>>> Starting Data Validation Stage <<<<<<]
[2025-01-04 05:03:40,170: INFO: common: yaml file: config/config.yaml loaded successfully]
[2025-01-04 05:03:40,172: INFO: common: yaml file: params.yaml loaded successfully]
[2025-01-04 05:03:40,173: INFO: common: yaml file: schema.yaml loaded successfully]
[2025-01-04 05:03:40,174: INFO: common: created directory at: artifacts]
[2025-01-04 05:03:40,174: INFO: common: created directory at: artifacts/data_validation]
[2025-01-04 05:03:40,181: INFO: data_validation: Data Validation Successful.]
[2025-01-04 05:03:40,182: INFO: main: >>>>>> Finished Data Validation Stage <<<<<<

==========================]
[2025-01-04 05:03:40,183: INFO: main: >>>>>> Starting Data Transformation Stage <<<<<<]
[2025-01-04 05:03:40,324: INFO: common: yaml file: config/config.yaml loaded successfully]
[2025-01-04 05:03:40,325: INFO: common: yaml file: params.yaml loaded successfully]
[2025-01-04 05:03:40,329: INFO: common: yaml file: schema.yaml loaded successfully]
[2025-01-04 05:03:40,329: INFO: common: created directory at: artifacts]
[2025-01-04 05:03:40,330: INFO: common: created directory at: artifacts/data_transformation]
[2025-01-04 05:03:40,372: INFO: data_transformation: Splitted data into train and test and saved at artifacts/data_transformation]
[2025-01-04 05:03:40,373: INFO: data_transformation: train shape: (1279, 12), test shape: (320, 12)]
[2025-01-04 05:03:40,374: INFO: main: >>>>>> Finished Data Transformation Stage <<<<<<

==========================]
[2025-01-04 05:03:40,375: INFO: main: >>>>>> Starting Model Trainer Stage <<<<<<]
[2025-01-04 05:03:40,379: INFO: common: yaml file: config/config.yaml loaded successfully]
[2025-01-04 05:03:40,381: INFO: common: yaml file: params.yaml loaded successfully]
[2025-01-04 05:03:40,383: INFO: common: yaml file: schema.yaml loaded successfully]
[2025-01-04 05:03:40,385: INFO: common: created directory at: artifacts]
[2025-01-04 05:03:40,386: INFO: common: created directory at: artifacts/model_trainer]
[2025-01-04 05:03:40,394: INFO: main: >>>>>> Finished Model Trainer Stage <<<<<<

==========================]
[2025-01-04 05:03:40,395: INFO: main: >>>>>> Starting Model Evaluation Stage <<<<<<]
[2025-01-04 05:03:40,399: INFO: common: yaml file: config/config.yaml loaded successfully]
[2025-01-04 05:03:40,402: INFO: common: yaml file: params.yaml loaded successfully]
[2025-01-04 05:03:40,409: INFO: common: yaml file: schema.yaml loaded successfully]
[2025-01-04 05:03:40,410: INFO: common: created directory at: artifacts]
[2025-01-04 05:03:40,411: INFO: common: created directory at: artifacts/model_evaluation]
[2025-01-04 05:03:41,372: INFO: _client: HTTP Request: GET https://dagshub.com/api/v1/user "HTTP/1.1 200 OK"]
[2025-01-04 05:03:41,380: INFO: helpers: Accessing as abrarshahok]
[2025-01-04 05:03:42,205: INFO: _client: HTTP Request: GET https://dagshub.com/api/v1/repos/abrarshahok/End-to-End-ML-Project-with-MLOps "HTTP/1.1 200 OK"]
[2025-01-04 05:03:43,009: INFO: _client: HTTP Request: GET https://dagshub.com/api/v1/user "HTTP/1.1 200 OK"]
[2025-01-04 05:03:43,012: INFO: helpers: Initialized MLflow to track repo "abrarshahok/End-to-End-ML-Project-with-MLOps"]
[2025-01-04 05:03:43,013: INFO: helpers: Repository abrarshahok/End-to-End-ML-Project-with-MLOps initialized!]
[2025-01-04 05:03:44,862: INFO: common: json file saved at: artifacts/model_evaluation/evaluation_metrics.json]
[2025-01-04 05:04:01,031: INFO: main: >>>>>> Finished Model Evaluation Stage <<<<<<

==========================]
